{"name": "Add bun to burger increases counter", "status": "failed", "statusDetails": {"message": "AssertionError: assert '0' == '2'\n  \n  - 2\n  + 0", "trace": "self = <test_builder.TestBuilder object at 0x1055ff020>, browser = <selenium.webdriver.firefox.webdriver.WebDriver (session=\"e7396b31-2e11-479b-8755-3cb0f0b743c5\")>\n\n    @allure.title('Add bun to burger increases counter')\n    def test_add_bun_to_burger(self, browser):\n        builder = BuilderPage(browser)\n    \n        builder.wait_bun_item()\n        builder.move_ingredient_to_burger()\n>       assert builder.get_ingredient_count() == '2'\nE       AssertionError: assert '0' == '2'\nE         \nE         - 2\nE         + 0\n\ntests/test_builder.py:43: AssertionError"}, "steps": [{"name": "Wait for bun item", "status": "passed", "start": 1745364544974, "stop": 1745364544998}, {"name": "Drag ingredient to burger area", "status": "passed", "start": 1745364544998, "stop": 1745364545533}, {"name": "Get ingredient count", "status": "passed", "start": 1745364545534, "stop": 1745364545548}], "parameters": [{"name": "browser", "value": "'firefox'"}], "start": 1745364544974, "stop": 1745364545549, "uuid": "838f3d39-4c32-4433-a0e1-6d7d794faadf", "historyId": "bbb37877dfeeaed4c07cdcc64206aa61", "testCaseId": "e11b9820eca7cdbc6b63a411183881af", "fullName": "tests.test_builder.TestBuilder#test_add_bun_to_burger", "labels": [{"name": "parentSuite", "value": "tests"}, {"name": "suite", "value": "test_builder"}, {"name": "subSuite", "value": "TestBuilder"}, {"name": "host", "value": "MacBook-Air-Administrator.local"}, {"name": "thread", "value": "99073-MainThread"}, {"name": "framework", "value": "pytest"}, {"name": "language", "value": "cpython3"}, {"name": "package", "value": "tests.test_builder"}]}