{"name": "Close ingredient modal", "status": "failed", "statusDetails": {"message": "AssertionError: assert False\n +  where False = verify_modal_closed()\n +    where verify_modal_closed = <pages.builder_page.BuilderPage object at 0x10566b460>.verify_modal_closed", "trace": "self = <test_builder.TestBuilder object at 0x105517ce0>, browser = <selenium.webdriver.chrome.webdriver.WebDriver (session=\"9c67ee87cfc67ecca5cf450c139f413d\")>\n\n    @allure.title('Close ingredient modal')\n    def test_close_ingredient_modal(self, browser):\n        builder = BuilderPage(browser)\n    \n        builder.click_ingredient()\n        builder.wait_modal_close()\n        builder.close_modal()\n>       assert builder.verify_modal_closed()\nE       assert False\nE        +  where False = verify_modal_closed()\nE        +    where verify_modal_closed = <pages.builder_page.BuilderPage object at 0x10566b460>.verify_modal_closed\n\ntests/test_builder.py:35: AssertionError"}, "steps": [{"name": "Click ingredient", "status": "passed", "start": 1745364532415, "stop": 1745364532495}, {"name": "Wait for close modal button", "status": "passed", "start": 1745364532495, "stop": 1745364532508}, {"name": "Close ingredient modal", "status": "passed", "start": 1745364532508, "stop": 1745364532534}, {"name": "Verify modal is closed", "status": "passed", "start": 1745364532534, "stop": 1745364532542}], "parameters": [{"name": "browser", "value": "'chrome'"}], "start": 1745364532415, "stop": 1745364532542, "uuid": "f9ae58c7-2f77-4da8-a59d-ef8164faa04d", "historyId": "8b2a80b93a93bcf3ee8f38c5b8ac998a", "testCaseId": "255b9448cfaa9110a6cbbbbc8e8cebf2", "fullName": "tests.test_builder.TestBuilder#test_close_ingredient_modal", "labels": [{"name": "parentSuite", "value": "tests"}, {"name": "suite", "value": "test_builder"}, {"name": "subSuite", "value": "TestBuilder"}, {"name": "host", "value": "MacBook-Air-Administrator.local"}, {"name": "thread", "value": "99073-MainThread"}, {"name": "framework", "value": "pytest"}, {"name": "language", "value": "cpython3"}, {"name": "package", "value": "tests.test_builder"}]}