{"name": "New order appears in in-progress section", "status": "failed", "statusDetails": {"message": "AssertionError: assert '9999' == '218012'\n  \n  - 218012\n  + 9999", "trace": "self = <test_orders.TestOrders object at 0x105532f50>, browser = <selenium.webdriver.chrome.webdriver.WebDriver (session=\"2e821ce10db9d339d0061a56346462f3\")>\ngenerate_user = ({'email': 'carolyn96@example.org', 'name': 'Daniel Parks', 'password': '$7ZlLMkl&g'}, {'accessToken': 'Bearer eyJhbGc...ff3a73775bbe38a1c6432cad69', 'success': True, 'user': {'email': 'carolyn96@example.org', 'name': 'Daniel Parks'}}, 200)\n\n    @allure.title('New order appears in in-progress section')\n    def test_in_progress_order(self, browser, generate_user):\n        orders = OrdersPage(browser)\n    \n        # Sign in and create an order\n        try:\n            orders.sign_in(generate_user)\n        except ValueError:\n            pytest.skip(\"Skipping test due to failed user creation\")\n        orders.click_builder()\n        orders.wait_burger_area()\n        orders.move_ingredient_to_burger()\n        orders.click_place_order()\n        order_id = orders.get_order_id()\n        print(f\"Order ID: {order_id}\")  # For debugging\n        orders.close_order_modal()\n    \n        # Check in-progress section\n        orders.click_orders_feed()\n        in_progress_order_id = orders.get_in_progress_order_id()\n        print(f\"In-progress order ID: {in_progress_order_id}\")  # For debugging\n>       assert order_id == in_progress_order_id\nE       AssertionError: assert '9999' == '218012'\nE         \nE         - 218012\nE         + 9999\n\ntests/test_orders.py:134: AssertionError"}, "steps": [{"name": "Sign in to account", "status": "passed", "parameters": [{"name": "user_data", "value": "({'email': 'carolyn96@example.org', 'password': '$7ZlLMkl&g', 'name': 'Daniel Parks'}, {'success': True, 'user': {'email': 'carolyn96@example.org', 'name': 'Daniel Parks'}, 'accessToken': 'Bearer eyJhbGciOiJIUzI1NiIsInR5cCI6IkpXVCJ9.eyJpZCI6IjY4MDgyNmUxOWVkMjgwMDAxYjVkMjI4YiIsImlhdCI6MTc0NTM2NDcwNSwiZXhwIjoxNzQ1MzY1OTA1fQ.13VGTjuqpj6El9wl8kQ2s5yPgpPCInhcnDZGOnS6ey0', 'refreshToken': 'ef201f68813920f330d56f5b09a552fd8ac2e4de3f4690dcef0d57ff3a73775bbe38a1c6432cad69'}, 200)"}], "start": 1745364705342, "stop": 1745364707582}, {"name": "Click builder link", "status": "passed", "start": 1745364707583, "stop": 1745364707653}, {"name": "Wait for burger area", "status": "passed", "start": 1745364707653, "stop": 1745364707666}, {"name": "Drag ingredient to burger area", "status": "passed", "start": 1745364707666, "stop": 1745364709261}, {"name": "Click place order button", "status": "passed", "start": 1745364709262, "stop": 1745364711339}, {"name": "Get order ID after placement", "status": "passed", "start": 1745364711339, "stop": 1745364711379}, {"name": "Close order modal", "status": "passed", "start": 1745364711379, "stop": 1745364713396}, {"name": "Click orders feed link", "status": "passed", "start": 1745364713397, "stop": 1745364713469}, {"name": "Get in-progress order ID", "status": "passed", "start": 1745364713469, "stop": 1745364714520}], "attachments": [{"name": "stdout", "source": "ae42ef9e-836e-4398-85af-0d55a2679660-attachment.txt", "type": "text/plain"}], "parameters": [{"name": "browser", "value": "'chrome'"}], "start": 1745364705341, "stop": 1745364714520, "uuid": "b096fa73-4b31-41aa-9858-6e3e99056113", "historyId": "fe94f527a1fd0abd4efe6a9bcc10c3d4", "testCaseId": "91e67df1ab66fd1f9b4d16b30e1fa506", "fullName": "tests.test_orders.TestOrders#test_in_progress_order", "labels": [{"name": "parentSuite", "value": "tests"}, {"name": "suite", "value": "test_orders"}, {"name": "subSuite", "value": "TestOrders"}, {"name": "host", "value": "MacBook-Air-Administrator.local"}, {"name": "thread", "value": "99073-MainThread"}, {"name": "framework", "value": "pytest"}, {"name": "language", "value": "cpython3"}, {"name": "package", "value": "tests.test_orders"}]}