{"name": "Close ingredient modal", "status": "failed", "statusDetails": {"message": "AssertionError: assert False\n +  where False = verify_modal_closed()\n +    where verify_modal_closed = <pages.builder_page.BuilderPage object at 0x10566bbd0>.verify_modal_closed", "trace": "self = <test_builder.TestBuilder object at 0x105532d50>, browser = <selenium.webdriver.firefox.webdriver.WebDriver (session=\"f2781a63-47dd-4b7b-ac7c-bfb6cc1fd2a9\")>\n\n    @allure.title('Close ingredient modal')\n    def test_close_ingredient_modal(self, browser):\n        builder = BuilderPage(browser)\n    \n        builder.click_ingredient()\n        builder.wait_modal_close()\n        builder.close_modal()\n>       assert builder.verify_modal_closed()\nE       assert False\nE        +  where False = verify_modal_closed()\nE        +    where verify_modal_closed = <pages.builder_page.BuilderPage object at 0x10566bbd0>.verify_modal_closed\n\ntests/test_builder.py:35: AssertionError"}, "steps": [{"name": "Click ingredient", "status": "passed", "start": 1745364536342, "stop": 1745364536620}, {"name": "Wait for close modal button", "status": "passed", "start": 1745364536620, "stop": 1745364536626}, {"name": "Close ingredient modal", "status": "passed", "start": 1745364536626, "stop": 1745364536838}, {"name": "Verify modal is closed", "status": "passed", "start": 1745364536838, "stop": 1745364536850}], "parameters": [{"name": "browser", "value": "'firefox'"}], "start": 1745364536342, "stop": 1745364536850, "uuid": "103f98ae-3d78-4bb6-940e-33db78dcfdd2", "historyId": "711b40931d9585e5af4c100f4eab5cdb", "testCaseId": "255b9448cfaa9110a6cbbbbc8e8cebf2", "fullName": "tests.test_builder.TestBuilder#test_close_ingredient_modal", "labels": [{"name": "parentSuite", "value": "tests"}, {"name": "suite", "value": "test_builder"}, {"name": "subSuite", "value": "TestBuilder"}, {"name": "host", "value": "MacBook-Air-Administrator.local"}, {"name": "thread", "value": "99073-MainThread"}, {"name": "framework", "value": "pytest"}, {"name": "language", "value": "cpython3"}, {"name": "package", "value": "tests.test_builder"}]}