{"name": "History order appears in orders feed", "status": "broken", "statusDetails": {"message": "selenium.common.exceptions.TimeoutException: Message: \nStacktrace:\nRemoteError@chrome://remote/content/shared/RemoteError.sys.mjs:8:8\nWebDriverError@chrome://remote/content/shared/webdriver/Errors.sys.mjs:199:5\nNoSuchElementError@chrome://remote/content/shared/webdriver/Errors.sys.mjs:552:5\ndom.find/</<@chrome://remote/content/shared/DOM.sys.mjs:136:16", "trace": "self = <test_orders.TestOrders object at 0x10550b360>, browser = <selenium.webdriver.firefox.webdriver.WebDriver (session=\"e78c28dd-2e23-4992-aed9-ed0eea0a5511\")>\ngenerate_user = ({'email': 'woodcristina@example.org', 'name': 'Alexander Murphy', 'password': '8o8Ldv+9_z'}, {'accessToken': 'Bearer ...c8b483bf56550f59877', 'success': True, 'user': {'email': 'woodcristina@example.org', 'name': 'Alexander Murphy'}}, 200)\n\n    @allure.title('History order appears in orders feed')\n    def test_history_order_in_feed(self, browser, generate_user):\n        orders = OrdersPage(browser)\n    \n        # Sign in and create an order\n        try:\n            orders.sign_in(generate_user)\n        except ValueError:\n            pytest.skip(\"Skipping test due to failed user creation\")\n        orders.click_builder()\n        orders.wait_burger_area()\n        orders.move_ingredient_to_burger()\n        orders.click_place_order()\n        order_id = orders.get_order_id()\n        orders.close_order_modal()\n    \n        # Check history\n        orders.click_profile()\n        orders.click_order_history()\n>       history_order_id = orders.get_history_order_id()\n\ntests/test_orders.py:46: \n_ _ _ _ _ _ _ _ _ _ _ _ _ _ _ _ _ _ _ _ _ _ _ _ _ _ _ _ _ _ _ _ _ _ _ _ _ _ _ _ _ _ _ _ _ _ _ _ _ _ _ _ _ _ _ _ _ _ _ _ _ _ _ _ _ _ _ _ _ _ _ _ _ _ _ _ _ _ _ _ _ _ _ _\npages/orders_page.py:82: in get_history_order_id\n    WebDriverWait(self.browser, 20).until(\n_ _ _ _ _ _ _ _ _ _ _ _ _ _ _ _ _ _ _ _ _ _ _ _ _ _ _ _ _ _ _ _ _ _ _ _ _ _ _ _ _ _ _ _ _ _ _ _ _ _ _ _ _ _ _ _ _ _ _ _ _ _ _ _ _ _ _ _ _ _ _ _ _ _ _ _ _ _ _ _ _ _ _ _\n\nself = <selenium.webdriver.support.wait.WebDriverWait (session=\"e78c28dd-2e23-4992-aed9-ed0eea0a5511\")>\nmethod = <function presence_of_element_located.<locals>._predicate at 0x1056de200>, message = ''\n\n    def until(self, method: Callable[[D], Union[Literal[False], T]], message: str = \"\") -> T:\n        \"\"\"Wait until the method returns a value that is not False.\n    \n        Calls the method provided with the driver as an argument until the\n        return value does not evaluate to ``False``.\n    \n        Parameters:\n        -----------\n        method: callable(WebDriver)\n            - A callable object that takes a WebDriver instance as an argument.\n    \n        message: str\n            - Optional message for :exc:`TimeoutException`\n    \n        Return:\n        -------\n        object: T\n            - The result of the last call to `method`\n    \n        Raises:\n        -------\n        TimeoutException\n            - If 'method' does not return a truthy value within the WebDriverWait\n            object's timeout\n    \n        Example:\n        --------\n        >>> from selenium.webdriver.common.by import By\n        >>> from selenium.webdriver.support.ui import WebDriverWait\n        >>> from selenium.webdriver.support import expected_conditions as EC\n    \n        # Wait until an element is visible on the page\n        >>> wait = WebDriverWait(driver, 10)\n        >>> element = wait.until(EC.visibility_of_element_located((By.ID, \"exampleId\")))\n        >>> print(element.text)\n        \"\"\"\n        screen = None\n        stacktrace = None\n    \n        end_time = time.monotonic() + self._timeout\n        while True:\n            try:\n                value = method(self._driver)\n                if value:\n                    return value\n            except self._ignored_exceptions as exc:\n                screen = getattr(exc, \"screen\", None)\n                stacktrace = getattr(exc, \"stacktrace\", None)\n            if time.monotonic() > end_time:\n                break\n            time.sleep(self._poll)\n>       raise TimeoutException(message, screen, stacktrace)\nE       selenium.common.exceptions.TimeoutException: Message: \nE       Stacktrace:\nE       RemoteError@chrome://remote/content/shared/RemoteError.sys.mjs:8:8\nE       WebDriverError@chrome://remote/content/shared/webdriver/Errors.sys.mjs:199:5\nE       NoSuchElementError@chrome://remote/content/shared/webdriver/Errors.sys.mjs:552:5\nE       dom.find/</<@chrome://remote/content/shared/DOM.sys.mjs:136:16\n\n.venv/lib/python3.13/site-packages/selenium/webdriver/support/wait.py:146: TimeoutException"}, "steps": [{"name": "Sign in to account", "status": "passed", "parameters": [{"name": "user_data", "value": "({'email': 'woodcristina@example.org', 'password': '8o8Ldv+9_z', 'name': 'Alexander Murphy'}, {'success': True, 'user': {'email': 'woodcristina@example.org', 'name': 'Alexander Murphy'}, 'accessToken': 'Bearer eyJhbGciOiJIUzI1NiIsInR5cCI6IkpXVCJ9.eyJpZCI6IjY4MDgyNjc0OWVkMjgwMDAxYjVkMjI3YSIsImlhdCI6MTc0NTM2NDU5NiwiZXhwIjoxNzQ1MzY1Nzk2fQ.eOyiveGz4iVXn4PYmj1dxM6uP-6AAOgE_UXkSrXPHFI', 'refreshToken': 'd2d1146c39ff93261cd53f8f53b89dc6986f601036b4544d6d5f490356609c8b483bf56550f59877'}, 200)"}], "start": 1745364596521, "stop": 1745364599058}, {"name": "Click builder link", "status": "passed", "start": 1745364599059, "stop": 1745364599292}, {"name": "Wait for burger area", "status": "passed", "start": 1745364599293, "stop": 1745364599305}, {"name": "Drag ingredient to burger area", "status": "passed", "start": 1745364599305, "stop": 1745364600848}, {"name": "Click place order button", "status": "passed", "start": 1745364600848, "stop": 1745364603089}, {"name": "Get order ID after placement", "status": "passed", "start": 1745364603089, "stop": 1745364603103}, {"name": "Close order modal", "status": "passed", "start": 1745364603103, "stop": 1745364604338}, {"name": "Click profile link", "status": "passed", "start": 1745364604339, "stop": 1745364604576}, {"name": "Click order history link", "status": "passed", "start": 1745364604576, "stop": 1745364605600}, {"name": "Get history order ID", "status": "broken", "statusDetails": {"message": "selenium.common.exceptions.TimeoutException: Message: \nStacktrace:\nRemoteError@chrome://remote/content/shared/RemoteError.sys.mjs:8:8\nWebDriverError@chrome://remote/content/shared/webdriver/Errors.sys.mjs:199:5\nNoSuchElementError@chrome://remote/content/shared/webdriver/Errors.sys.mjs:552:5\ndom.find/</<@chrome://remote/content/shared/DOM.sys.mjs:136:16\n\n", "trace": "  File \"/Users/user/PycharmProjects/Diplom_3/.venv/lib/python3.13/site-packages/allure_commons/_allure.py\", line 202, in impl\n    return func(*a, **kw)\n  File \"/Users/user/PycharmProjects/Diplom_3/pages/orders_page.py\", line 82, in get_history_order_id\n    WebDriverWait(self.browser, 20).until(\n    ~~~~~~~~~~~~~~~~~~~~~~~~~~~~~~~~~~~~~^\n        EC.presence_of_element_located(OrdersLocators.HISTORY_ORDER_ID)\n        ^^^^^^^^^^^^^^^^^^^^^^^^^^^^^^^^^^^^^^^^^^^^^^^^^^^^^^^^^^^^^^^\n    )\n    ^\n  File \"/Users/user/PycharmProjects/Diplom_3/.venv/lib/python3.13/site-packages/selenium/webdriver/support/wait.py\", line 146, in until\n    raise TimeoutException(message, screen, stacktrace)\n"}, "start": 1745364605600, "stop": 1745364625954}], "parameters": [{"name": "browser", "value": "'firefox'"}], "start": 1745364596521, "stop": 1745364625956, "uuid": "8d49147c-b0a7-42fb-b892-ab50dd6435d3", "historyId": "d9767db392a287ca00515a828b3dbd84", "testCaseId": "9ca3a9302cb6eab22f6989bcd68321e3", "fullName": "tests.test_orders.TestOrders#test_history_order_in_feed", "labels": [{"name": "parentSuite", "value": "tests"}, {"name": "suite", "value": "test_orders"}, {"name": "subSuite", "value": "TestOrders"}, {"name": "host", "value": "MacBook-Air-Administrator.local"}, {"name": "thread", "value": "99073-MainThread"}, {"name": "framework", "value": "pytest"}, {"name": "language", "value": "cpython3"}, {"name": "package", "value": "tests.test_orders"}]}