{"name": "Logout from profile", "status": "broken", "statusDetails": {"message": "selenium.common.exceptions.TimeoutException: Message: \nStacktrace:\n0   chromedriver                        0x00000001026f2e10 cxxbridge1$str$ptr + 2817040\n1   chromedriver                        0x00000001026eb0ac cxxbridge1$str$ptr + 2784940\n2   chromedriver                        0x00000001022328d8 cxxbridge1$string$len + 93028\n3   chromedriver                        0x00000001022796a0 cxxbridge1$string$len + 383276\n4   chromedriver                        0x00000001022ba7b8 cxxbridge1$string$len + 649796\n5   chromedriver                        0x000000010226da80 cxxbridge1$string$len + 335116\n6   chromedriver                        0x00000001026b7c98 cxxbridge1$str$ptr + 2575000\n7   chromedriver                        0x00000001026baf64 cxxbridge1$str$ptr + 2588004\n8   chromedriver                        0x0000000102697a20 cxxbridge1$str$ptr + 2443296\n9   chromedriver                        0x00000001026bb7e0 cxxbridge1$str$ptr + 2590176\n10  chromedriver                        0x0000000102688b14 cxxbridge1$str$ptr + 2382100\n11  chromedriver                        0x00000001026db9c4 cxxbridge1$str$ptr + 2721732\n12  chromedriver                        0x00000001026dbb50 cxxbridge1$str$ptr + 2722128\n13  chromedriver                        0x00000001026eacf8 cxxbridge1$str$ptr + 2783992\n14  libsystem_pthread.dylib             0x000000018ab0bfa8 _pthread_start + 148\n15  libsystem_pthread.dylib             0x000000018ab06da0 thread_start + 8", "trace": "self = <test_profile.TestProfile object at 0x10565ef90>, browser = <selenium.webdriver.chrome.webdriver.WebDriver (session=\"f6678540450535dd64e3951f324b0b88\")>\ngenerate_user = ({'email': 'rwilliams@example.org', 'name': 'Amy Collins', 'password': '+3sIwu&El7'}, {'message': 'User already exists', 'success': False}, 403)\n\n    @allure.title('Logout from profile')\n    def test_logout(self, browser, generate_user):\n        profile = ProfilePage(browser)\n    \n        profile.wait_sign_in_button()\n        profile.sign_in(generate_user)\n    \n        profile.wait_profile_link()\n        profile.click_profile()\n    \n>       profile.wait_order_history()\n\ntests/test_profile.py:45: \n_ _ _ _ _ _ _ _ _ _ _ _ _ _ _ _ _ _ _ _ _ _ _ _ _ _ _ _ _ _ _ _ _ _ _ _ _ _ _ _ _ _ _ _ _ _ _ _ _ _ _ _ _ _ _ _ _ _ _ _ _ _ _ _ _ _ _ _ _ _ _ _ _ _ _ _ _ _ _ _ _ _ _ _\npages/profile_page.py:35: in wait_order_history\n    self.wait_for_clickable(ProfileLocators.ORDER_HISTORY_LINK)\npages/core_page.py:14: in wait_for_clickable\n    return WebDriverWait(self.browser, timeout).until(EC.element_to_be_clickable(locator))\n_ _ _ _ _ _ _ _ _ _ _ _ _ _ _ _ _ _ _ _ _ _ _ _ _ _ _ _ _ _ _ _ _ _ _ _ _ _ _ _ _ _ _ _ _ _ _ _ _ _ _ _ _ _ _ _ _ _ _ _ _ _ _ _ _ _ _ _ _ _ _ _ _ _ _ _ _ _ _ _ _ _ _ _\n\nself = <selenium.webdriver.support.wait.WebDriverWait (session=\"f6678540450535dd64e3951f324b0b88\")>\nmethod = <function element_to_be_clickable.<locals>._predicate at 0x105727920>, message = ''\n\n    def until(self, method: Callable[[D], Union[Literal[False], T]], message: str = \"\") -> T:\n        \"\"\"Wait until the method returns a value that is not False.\n    \n        Calls the method provided with the driver as an argument until the\n        return value does not evaluate to ``False``.\n    \n        Parameters:\n        -----------\n        method: callable(WebDriver)\n            - A callable object that takes a WebDriver instance as an argument.\n    \n        message: str\n            - Optional message for :exc:`TimeoutException`\n    \n        Return:\n        -------\n        object: T\n            - The result of the last call to `method`\n    \n        Raises:\n        -------\n        TimeoutException\n            - If 'method' does not return a truthy value within the WebDriverWait\n            object's timeout\n    \n        Example:\n        --------\n        >>> from selenium.webdriver.common.by import By\n        >>> from selenium.webdriver.support.ui import WebDriverWait\n        >>> from selenium.webdriver.support import expected_conditions as EC\n    \n        # Wait until an element is visible on the page\n        >>> wait = WebDriverWait(driver, 10)\n        >>> element = wait.until(EC.visibility_of_element_located((By.ID, \"exampleId\")))\n        >>> print(element.text)\n        \"\"\"\n        screen = None\n        stacktrace = None\n    \n        end_time = time.monotonic() + self._timeout\n        while True:\n            try:\n                value = method(self._driver)\n                if value:\n                    return value\n            except self._ignored_exceptions as exc:\n                screen = getattr(exc, \"screen\", None)\n                stacktrace = getattr(exc, \"stacktrace\", None)\n            if time.monotonic() > end_time:\n                break\n            time.sleep(self._poll)\n>       raise TimeoutException(message, screen, stacktrace)\nE       selenium.common.exceptions.TimeoutException: Message: \nE       Stacktrace:\nE       0   chromedriver                        0x00000001026f2e10 cxxbridge1$str$ptr + 2817040\nE       1   chromedriver                        0x00000001026eb0ac cxxbridge1$str$ptr + 2784940\nE       2   chromedriver                        0x00000001022328d8 cxxbridge1$string$len + 93028\nE       3   chromedriver                        0x00000001022796a0 cxxbridge1$string$len + 383276\nE       4   chromedriver                        0x00000001022ba7b8 cxxbridge1$string$len + 649796\nE       5   chromedriver                        0x000000010226da80 cxxbridge1$string$len + 335116\nE       6   chromedriver                        0x00000001026b7c98 cxxbridge1$str$ptr + 2575000\nE       7   chromedriver                        0x00000001026baf64 cxxbridge1$str$ptr + 2588004\nE       8   chromedriver                        0x0000000102697a20 cxxbridge1$str$ptr + 2443296\nE       9   chromedriver                        0x00000001026bb7e0 cxxbridge1$str$ptr + 2590176\nE       10  chromedriver                        0x0000000102688b14 cxxbridge1$str$ptr + 2382100\nE       11  chromedriver                        0x00000001026db9c4 cxxbridge1$str$ptr + 2721732\nE       12  chromedriver                        0x00000001026dbb50 cxxbridge1$str$ptr + 2722128\nE       13  chromedriver                        0x00000001026eacf8 cxxbridge1$str$ptr + 2783992\nE       14  libsystem_pthread.dylib             0x000000018ab0bfa8 _pthread_start + 148\nE       15  libsystem_pthread.dylib             0x000000018ab06da0 thread_start + 8\n\n.venv/lib/python3.13/site-packages/selenium/webdriver/support/wait.py:146: TimeoutException"}, "steps": [{"name": "Wait for sign-in button", "status": "passed", "start": 1745364777572, "stop": 1745364779313}, {"name": "Sign in to profile", "status": "passed", "parameters": [{"name": "user_data", "value": "({'email': 'rwilliams@example.org', 'password': '+3sIwu&El7', 'name': 'Amy Collins'}, {'success': False, 'message': 'User already exists'}, 403)"}], "start": 1745364779313, "stop": 1745364779513}, {"name": "Wait for profile link", "status": "passed", "start": 1745364779513, "stop": 1745364779521}, {"name": "Click profile link", "status": "passed", "start": 1745364779521, "stop": 1745364779547}, {"name": "Wait for order history link", "status": "broken", "statusDetails": {"message": "selenium.common.exceptions.TimeoutException: Message: \nStacktrace:\n0   chromedriver                        0x00000001026f2e10 cxxbridge1$str$ptr + 2817040\n1   chromedriver                        0x00000001026eb0ac cxxbridge1$str$ptr + 2784940\n2   chromedriver                        0x00000001022328d8 cxxbridge1$string$len + 93028\n3   chromedriver                        0x00000001022796a0 cxxbridge1$string$len + 383276\n4   chromedriver                        0x00000001022ba7b8 cxxbridge1$string$len + 649796\n5   chromedriver                        0x000000010226da80 cxxbridge1$string$len + 335116\n6   chromedriver                        0x00000001026b7c98 cxxbridge1$str$ptr + 2575000\n7   chromedriver                        0x00000001026baf64 cxxbridge1$str$ptr + 2588004\n8   chromedriver                        0x0000000102697a20 cxxbridge1$str$ptr + 2443296\n9   chromedriver                        0x00000001026bb7e0 cxxbridge1$str$ptr + 2590176\n10  chromedriver                        0x0000000102688b14 cxxbridge1$str$ptr + 2382100\n11  chromedriver                        0x00000001026db9c4 cxxbridge1$str$ptr + 2721732\n12  chromedriver                        0x00000001026dbb50 cxxbridge1$str$ptr + 2722128\n13  chromedriver                        0x00000001026eacf8 cxxbridge1$str$ptr + 2783992\n14  libsystem_pthread.dylib             0x000000018ab0bfa8 _pthread_start + 148\n15  libsystem_pthread.dylib             0x000000018ab06da0 thread_start + 8\n\n", "trace": "  File \"/Users/user/PycharmProjects/Diplom_3/.venv/lib/python3.13/site-packages/allure_commons/_allure.py\", line 202, in impl\n    return func(*a, **kw)\n  File \"/Users/user/PycharmProjects/Diplom_3/pages/profile_page.py\", line 35, in wait_order_history\n    self.wait_for_clickable(ProfileLocators.ORDER_HISTORY_LINK)\n    ~~~~~~~~~~~~~~~~~~~~~~~^^^^^^^^^^^^^^^^^^^^^^^^^^^^^^^^^^^^\n  File \"/Users/user/PycharmProjects/Diplom_3/pages/core_page.py\", line 14, in wait_for_clickable\n    return WebDriverWait(self.browser, timeout).until(EC.element_to_be_clickable(locator))\n           ~~~~~~~~~~~~~~~~~~~~~~~~~~~~~~~~~~~~~~~~~~^^^^^^^^^^^^^^^^^^^^^^^^^^^^^^^^^^^^^\n  File \"/Users/user/PycharmProjects/Diplom_3/.venv/lib/python3.13/site-packages/selenium/webdriver/support/wait.py\", line 146, in until\n    raise TimeoutException(message, screen, stacktrace)\n"}, "start": 1745364779547, "stop": 1745364789850}], "parameters": [{"name": "browser", "value": "'chrome'"}], "start": 1745364777572, "stop": 1745364789853, "uuid": "5f454d44-53f8-45e1-b006-2182fb0e2847", "historyId": "146d7e51d7efacb893fbfdb77e507b2d", "testCaseId": "7e7da2fe799c0f1b005fcdecf9773a22", "fullName": "tests.test_profile.TestProfile#test_logout", "labels": [{"name": "parentSuite", "value": "tests"}, {"name": "suite", "value": "test_profile"}, {"name": "subSuite", "value": "TestProfile"}, {"name": "host", "value": "MacBook-Air-Administrator.local"}, {"name": "thread", "value": "99073-MainThread"}, {"name": "framework", "value": "pytest"}, {"name": "language", "value": "cpython3"}, {"name": "package", "value": "tests.test_profile"}]}